<?xml version="1.0" encoding="UTF-8"?>
<testng-results ignored="0" total="4" passed="4" failed="0" skipped="0">
  <reporter-output>
  </reporter-output>
  <suite started-at="2024-07-05T07:40:59Z" name="Default suite" finished-at="2024-07-05T07:41:14Z" duration-ms="15299">
    <groups>
    </groups>
    <test started-at="2024-07-05T07:40:59Z" name="Default test" finished-at="2024-07-05T07:41:14Z" duration-ms="15299">
      <class name="api.testcases.UserTest">
        <test-method is-config="true" signature="generateTestData()[pri:0, instance:api.testcases.UserTest@36b4091c]" started-at="2024-07-05T07:40:59Z" name="generateTestData" finished-at="2024-07-05T07:41:00Z" duration-ms="1311" status="PASS">
          <reporter-output>
          </reporter-output>
        </test-method> <!-- generateTestData -->
        <test-method signature="validatePostRequest()[pri:1, instance:api.testcases.UserTest@36b4091c]" started-at="2024-07-05T07:41:00Z" name="validatePostRequest" finished-at="2024-07-05T07:41:09Z" duration-ms="9134" status="PASS">
          <reporter-output>
          </reporter-output>
        </test-method> <!-- validatePostRequest -->
        <test-method signature="validateGetRequest()[pri:2, instance:api.testcases.UserTest@36b4091c]" started-at="2024-07-05T07:41:09Z" name="validateGetRequest" finished-at="2024-07-05T07:41:11Z" duration-ms="1292" status="PASS">
          <reporter-output>
          </reporter-output>
        </test-method> <!-- validateGetRequest -->
        <test-method signature="validatePutRequest()[pri:3, instance:api.testcases.UserTest@36b4091c]" started-at="2024-07-05T07:41:11Z" name="validatePutRequest" finished-at="2024-07-05T07:41:13Z" duration-ms="2276" status="PASS">
          <reporter-output>
          </reporter-output>
        </test-method> <!-- validatePutRequest -->
        <test-method signature="validateDeleteRequest()[pri:4, instance:api.testcases.UserTest@36b4091c]" started-at="2024-07-05T07:41:13Z" name="validateDeleteRequest" finished-at="2024-07-05T07:41:14Z" duration-ms="1147" status="PASS">
          <reporter-output>
          </reporter-output>
        </test-method> <!-- validateDeleteRequest -->
      </class> <!-- api.testcases.UserTest -->
    </test> <!-- Default test -->
  </suite> <!-- Default suite -->
</testng-results>
